{"spans": [{"trace_id": "F/XJWAHmt1wTVW/DLWkwyQ==", "span_id": "Ht8/Zbz4DRo=", "parent_span_id": null, "name": "mock_ai_call", "start_time_unix_nano": 1762254542373476691, "end_time_unix_nano": 1762254542422521728, "events": [{"name": "exception", "time_unix_nano": 1762254542422467698, "attributes": {"exception.type": "TypeError", "exception.message": "mock_embedding_retrieval() missing 1 required positional argument: 'model'", "exception.stacktrace": "Traceback (most recent call last):\n  File \"/home/xavier/Projects/personal/evals/.venv/lib/python3.12/site-packages/opentelemetry/trace/__init__.py\", line 589, in use_span\n    yield span\n  File \"/home/xavier/Projects/personal/evals/.venv/lib/python3.12/site-packages/mlflow/tracing/fluent.py\", line 501, in start_span\n    yield mlflow_span\n  File \"/home/xavier/Projects/personal/evals/.venv/lib/python3.12/site-packages/mlflow/tracing/fluent.py\", line 230, in _wrapping_logic\n    result = yield  # sync/async function output to be sent here\n             ^^^^^\n  File \"/home/xavier/Projects/personal/evals/.venv/lib/python3.12/site-packages/mlflow/tracing/fluent.py\", line 263, in wrapper\n    return wrapping_coro.send(fn(*args, **kwargs))\n                              ^^^^^^^^^^^^^^^^^^^\n  File \"/home/xavier/Projects/personal/evals/mlflow/traces_and_spans.py\", line 14, in mock_ai_call\n    mock_embedding_retrieval(query=question, k=5)\n  File \"/home/xavier/Projects/personal/evals/.venv/lib/python3.12/site-packages/mlflow/tracing/fluent.py\", line 262, in wrapper\n    with _WrappingContext(fn, args, kwargs) as wrapping_coro:\n         ^^^^^^^^^^^^^^^^^^^^^^^^^^^^^^^^^^\n  File \"/home/xavier/Projects/personal/evals/.venv/lib/python3.12/site-packages/mlflow/tracing/fluent.py\", line 251, in __exit__\n    self.coro.throw(exc_type, exc_value, traceback)\n  File \"/home/xavier/Projects/personal/evals/.venv/lib/python3.12/site-packages/mlflow/tracing/fluent.py\", line 230, in _wrapping_logic\n    result = yield  # sync/async function output to be sent here\n             ^^^^^\n  File \"/home/xavier/Projects/personal/evals/.venv/lib/python3.12/site-packages/mlflow/tracing/fluent.py\", line 263, in wrapper\n    return wrapping_coro.send(fn(*args, **kwargs))\n                              ^^^^^^^^^^^^^^^^^^^\nTypeError: mock_embedding_retrieval() missing 1 required positional argument: 'model'\n", "exception.escaped": "False"}}], "status": {"code": "STATUS_CODE_ERROR", "message": "TypeError: mock_embedding_retrieval() missing 1 required positional argument: 'model'"}, "attributes": {"mlflow.traceRequestId": "\"tr-17f5c95801e6b75c13556fc32d6930c9\"", "mlflow.spanType": "\"UNKNOWN\"", "mlflow.spanFunctionName": "\"mock_ai_call\"", "mlflow.spanInputs": "{\"question\": \"What does MLAI stand for?\", \"answer_no\": 1, \"model\": \"GPT5-mini\"}"}}, {"trace_id": "F/XJWAHmt1wTVW/DLWkwyQ==", "span_id": "MyPCVb+M5xk=", "parent_span_id": "Ht8/Zbz4DRo=", "name": "mock_embedding_retrieval", "start_time_unix_nano": 1762254542398033393, "end_time_unix_nano": 1762254542398575314, "events": [{"name": "exception", "time_unix_nano": 1762254542398548765, "attributes": {"exception.type": "TypeError", "exception.message": "mock_embedding_retrieval() missing 1 required positional argument: 'model'", "exception.stacktrace": "Traceback (most recent call last):\n  File \"/home/xavier/Projects/personal/evals/.venv/lib/python3.12/site-packages/opentelemetry/trace/__init__.py\", line 589, in use_span\n    yield span\n  File \"/home/xavier/Projects/personal/evals/.venv/lib/python3.12/site-packages/mlflow/tracing/fluent.py\", line 501, in start_span\n    yield mlflow_span\n  File \"/home/xavier/Projects/personal/evals/.venv/lib/python3.12/site-packages/mlflow/tracing/fluent.py\", line 230, in _wrapping_logic\n    result = yield  # sync/async function output to be sent here\n             ^^^^^\n  File \"/home/xavier/Projects/personal/evals/.venv/lib/python3.12/site-packages/mlflow/tracing/fluent.py\", line 263, in wrapper\n    return wrapping_coro.send(fn(*args, **kwargs))\n                              ^^^^^^^^^^^^^^^^^^^\nTypeError: mock_embedding_retrieval() missing 1 required positional argument: 'model'\n", "exception.escaped": "False"}}], "status": {"code": "STATUS_CODE_ERROR", "message": "TypeError: mock_embedding_retrieval() missing 1 required positional argument: 'model'"}, "attributes": {"mlflow.traceRequestId": "\"tr-17f5c95801e6b75c13556fc32d6930c9\"", "mlflow.spanType": "\"UNKNOWN\"", "mlflow.spanFunctionName": "\"mock_embedding_retrieval\"", "mlflow.spanInputs": "null"}}]}